{
  "RSpec": {
    "coverage": {
      "/Users/mariavalerogonzalez/Documents/My_Projects/Makers/Week_5/Cloud-stay/spec/features/initial_page_spec.rb": {
        "lines": [
          null,
          null,
          1,
          1,
          null,
          1,
          1,
          1,
          1,
          null,
          null,
          null
        ]
      },
      "/Users/mariavalerogonzalez/Documents/My_Projects/Makers/Week_5/Cloud-stay/spec/features/viewing_main_homepage_spec.rb": {
        "lines": [
          null,
          null,
          1,
          1,
          null,
          1,
          null,
          null,
          1,
          1,
          1,
          1,
          null,
          null,
          1,
          1,
          1,
          1,
          1,
          null,
          null,
          1,
          1,
          1,
          1,
          1,
          null,
          null
        ]
      }
    },
    "timestamp": 1621952720
  }
}
